<?xml version="1.0" encoding="UTF-8"?>
<coverage generated="1772713906765" clover="3.2.0">
  <project timestamp="1772713906765" name="All files">
    <metrics statements="148" coveredstatements="145" conditionals="119" coveredconditionals="111" methods="51" coveredmethods="49" elements="318" coveredelements="305" complexity="0" loc="148" ncloc="148" packages="3" files="10" classes="10"/>
    <package name="src">
      <metrics statements="24" coveredstatements="22" conditionals="36" coveredconditionals="33" methods="10" coveredmethods="8"/>
      <file name="App.tsx" path="/home/runner/work/bordertax/bordertax/src/App.tsx">
        <metrics statements="24" coveredstatements="22" conditionals="36" coveredconditionals="33" methods="10" coveredmethods="8"/>
        <line num="22" count="1" type="stmt"/>
        <line num="36" count="1" type="stmt"/>
        <line num="39" count="5" type="cond" truecount="4" falsecount="0"/>
        <line num="40" count="1" type="stmt"/>
        <line num="43" count="4" type="stmt"/>
        <line num="45" count="4" type="stmt"/>
        <line num="46" count="16" type="stmt"/>
        <line num="48" count="4" type="stmt"/>
        <line num="64" count="10" type="stmt"/>
        <line num="65" count="10" type="cond" truecount="2" falsecount="0"/>
        <line num="66" count="4" type="stmt"/>
        <line num="69" count="6" type="stmt"/>
        <line num="70" count="6" type="stmt"/>
        <line num="72" count="1" type="stmt"/>
        <line num="77" count="10" type="stmt"/>
        <line num="78" count="10" type="cond" truecount="1" falsecount="1"/>
        <line num="80" count="10" type="stmt"/>
        <line num="81" count="10" type="stmt"/>
        <line num="83" count="30" type="stmt"/>
        <line num="90" count="10" type="stmt"/>
        <line num="91" count="10" type="stmt"/>
        <line num="94" count="10" type="stmt"/>
        <line num="108" count="0" type="cond" truecount="0" falsecount="2"/>
        <line num="161" count="0" type="stmt"/>
      </file>
    </package>
    <package name="src.components">
      <metrics statements="55" coveredstatements="55" conditionals="35" coveredconditionals="34" methods="33" coveredmethods="33"/>
      <file name="BEResult.tsx" path="/home/runner/work/bordertax/bordertax/src/components/BEResult.tsx">
        <metrics statements="8" coveredstatements="8" conditionals="6" coveredconditionals="6" methods="3" coveredmethods="3"/>
        <line num="11" count="2" type="stmt"/>
        <line num="12" count="156" type="stmt"/>
        <line num="13" count="52" type="stmt"/>
        <line num="16" count="16" type="cond" truecount="2" falsecount="0"/>
        <line num="17" count="2" type="stmt"/>
        <line num="25" count="14" type="cond" truecount="2" falsecount="0"/>
        <line num="27" count="13" type="stmt"/>
        <line num="29" count="13" type="stmt"/>
      </file>
      <file name="InputPanel.tsx" path="/home/runner/work/bordertax/bordertax/src/components/InputPanel.tsx">
        <metrics statements="14" coveredstatements="14" conditionals="2" coveredconditionals="2" methods="14" coveredmethods="14"/>
        <line num="13" count="11" type="stmt"/>
        <line num="16" count="24" type="stmt"/>
        <line num="30" count="1" type="stmt"/>
        <line num="33" count="72" type="stmt"/>
        <line num="44" count="1" type="stmt"/>
        <line num="60" count="1" type="stmt"/>
        <line num="74" count="1" type="stmt"/>
        <line num="83" count="1" type="stmt"/>
        <line num="98" count="1" type="stmt"/>
        <line num="119" count="1" type="stmt"/>
        <line num="144" count="1" type="stmt"/>
        <line num="159" count="1" type="stmt"/>
        <line num="171" count="1" type="stmt"/>
        <line num="180" count="1" type="stmt"/>
      </file>
      <file name="MultiYearComparison.tsx" path="/home/runner/work/bordertax/bordertax/src/components/MultiYearComparison.tsx">
        <metrics statements="5" coveredstatements="5" conditionals="6" coveredconditionals="6" methods="4" coveredmethods="4"/>
        <line num="17" count="2" type="stmt"/>
        <line num="18" count="210" type="stmt"/>
        <line num="20" count="42" type="stmt"/>
        <line num="23" count="14" type="stmt"/>
        <line num="40" count="42" type="cond" truecount="2" falsecount="0"/>
      </file>
      <file name="NLResult.tsx" path="/home/runner/work/bordertax/bordertax/src/components/NLResult.tsx">
        <metrics statements="5" coveredstatements="5" conditionals="0" coveredconditionals="0" methods="4" coveredmethods="4"/>
        <line num="10" count="2" type="stmt"/>
        <line num="11" count="134" type="stmt"/>
        <line num="12" count="39" type="stmt"/>
        <line num="15" count="14" type="stmt"/>
        <line num="40" count="25" type="stmt"/>
      </file>
      <file name="SummaryResult.tsx" path="/home/runner/work/bordertax/bordertax/src/components/SummaryResult.tsx">
        <metrics statements="23" coveredstatements="23" conditionals="21" coveredconditionals="20" methods="8" coveredmethods="8"/>
        <line num="12" count="2" type="stmt"/>
        <line num="14" count="2" type="stmt"/>
        <line num="15" count="173" type="stmt"/>
        <line num="16" count="115" type="stmt"/>
        <line num="19" count="23" type="stmt"/>
        <line num="20" count="23" type="stmt"/>
        <line num="22" count="23" type="cond" truecount="2" falsecount="0"/>
        <line num="23" count="23" type="cond" truecount="4" falsecount="0"/>
        <line num="24" count="23" type="stmt"/>
        <line num="27" count="23" type="stmt"/>
        <line num="28" count="22" type="cond" truecount="2" falsecount="0"/>
        <line num="29" count="19" type="stmt"/>
        <line num="32" count="3" type="stmt"/>
        <line num="33" count="1" type="stmt"/>
        <line num="36" count="3" type="stmt"/>
        <line num="37" count="3" type="stmt"/>
        <line num="42" count="3" type="stmt"/>
        <line num="52" count="3" type="stmt"/>
        <line num="53" count="3" type="stmt"/>
        <line num="54" count="2" type="stmt"/>
        <line num="56" count="1" type="stmt"/>
        <line num="60" count="23" type="stmt"/>
        <line num="63" count="3" type="stmt"/>
      </file>
    </package>
    <package name="src.tax">
      <metrics statements="69" coveredstatements="68" conditionals="48" coveredconditionals="44" methods="8" coveredmethods="8"/>
      <file name="be.ts" path="/home/runner/work/bordertax/bordertax/src/tax/be.ts">
        <metrics statements="28" coveredstatements="28" conditionals="20" coveredconditionals="17" methods="3" coveredmethods="3"/>
        <line num="35" count="4" type="stmt"/>
        <line num="80" count="54" type="stmt"/>
        <line num="81" count="54" type="stmt"/>
        <line num="82" count="54" type="stmt"/>
        <line num="83" count="200" type="cond" truecount="2" falsecount="0"/>
        <line num="84" count="194" type="cond" truecount="2" falsecount="0"/>
        <line num="85" count="200" type="stmt"/>
        <line num="86" count="200" type="stmt"/>
        <line num="88" count="54" type="stmt"/>
        <line num="96" count="54" type="stmt"/>
        <line num="97" count="54" type="stmt"/>
        <line num="99" count="54" type="cond" truecount="2" falsecount="0"/>
        <line num="105" count="54" type="stmt"/>
        <line num="109" count="66" type="cond" truecount="2" falsecount="0"/>
        <line num="111" count="54" type="cond" truecount="1" falsecount="1"/>
        <line num="113" count="66" type="stmt"/>
        <line num="114" count="66" type="cond" truecount="2" falsecount="0"/>
        <line num="116" count="66" type="stmt"/>
        <line num="117" count="66" type="stmt"/>
        <line num="120" count="66" type="stmt"/>
        <line num="123" count="66" type="stmt"/>
        <line num="126" count="66" type="stmt"/>
        <line num="129" count="66" type="stmt"/>
        <line num="132" count="66" type="stmt"/>
        <line num="135" count="66" type="stmt"/>
        <line num="138" count="66" type="stmt"/>
        <line num="140" count="66" type="stmt"/>
        <line num="142" count="66" type="stmt"/>
      </file>
      <file name="constants.ts" path="/home/runner/work/bordertax/bordertax/src/tax/constants.ts">
        <metrics statements="4" coveredstatements="4" conditionals="0" coveredconditionals="0" methods="0" coveredmethods="0"/>
        <line num="3" count="3" type="stmt"/>
        <line num="4" count="3" type="stmt"/>
        <line num="5" count="3" type="stmt"/>
        <line num="6" count="3" type="stmt"/>
      </file>
      <file name="index.ts" path="/home/runner/work/bordertax/bordertax/src/tax/index.ts">
        <metrics statements="5" coveredstatements="5" conditionals="4" coveredconditionals="4" methods="1" coveredmethods="1"/>
        <line num="6" count="43" type="stmt"/>
        <line num="7" count="43" type="stmt"/>
        <line num="9" count="43" type="cond" truecount="2" falsecount="0"/>
        <line num="10" count="43" type="stmt"/>
        <line num="12" count="43" type="stmt"/>
      </file>
      <file name="nl.ts" path="/home/runner/work/bordertax/bordertax/src/tax/nl.ts">
        <metrics statements="32" coveredstatements="31" conditionals="24" coveredconditionals="23" methods="4" coveredmethods="4"/>
        <line num="39" count="4" type="stmt"/>
        <line num="158" count="66" type="stmt"/>
        <line num="159" count="66" type="stmt"/>
        <line num="160" count="66" type="stmt"/>
        <line num="162" count="66" type="stmt"/>
        <line num="163" count="164" type="cond" truecount="2" falsecount="0"/>
        <line num="164" count="102" type="cond" truecount="2" falsecount="0"/>
        <line num="165" count="164" type="stmt"/>
        <line num="166" count="164" type="stmt"/>
        <line num="175" count="164" type="stmt"/>
        <line num="176" count="164" type="stmt"/>
        <line num="179" count="66" type="stmt"/>
        <line num="183" count="66" type="cond" truecount="2" falsecount="0"/>
        <line num="184" count="53" type="cond" truecount="2" falsecount="0"/>
        <line num="185" count="49" type="stmt"/>
        <line num="189" count="66" type="stmt"/>
        <line num="190" count="223" type="cond" truecount="4" falsecount="0"/>
        <line num="191" count="66" type="stmt"/>
        <line num="194" count="0" type="stmt"/>
        <line num="198" count="66" type="cond" truecount="1" falsecount="1"/>
        <line num="199" count="66" type="cond" truecount="2" falsecount="0"/>
        <line num="201" count="66" type="stmt"/>
        <line num="202" count="66" type="cond" truecount="2" falsecount="0"/>
        <line num="204" count="66" type="stmt"/>
        <line num="206" count="66" type="cond" truecount="2" falsecount="0"/>
        <line num="208" count="1" type="stmt"/>
        <line num="211" count="66" type="stmt"/>
        <line num="213" count="66" type="stmt"/>
        <line num="214" count="66" type="stmt"/>
        <line num="215" count="66" type="stmt"/>
        <line num="216" count="66" type="stmt"/>
        <line num="218" count="66" type="stmt"/>
      </file>
    </package>
  </project>
</coverage>
