{"/home/runner/work/bordertax/bordertax/src/App.tsx": {"path":"/home/runner/work/bordertax/bordertax/src/App.tsx","statementMap":{"0":{"start":{"line":22,"column":34},"end":{"line":34,"column":null}},"1":{"start":{"line":36,"column":20},"end":{"line":36,"column":null}},"2":{"start":{"line":39,"column":2},"end":{"line":41,"column":null}},"3":{"start":{"line":40,"column":4},"end":{"line":40,"column":null}},"4":{"start":{"line":43,"column":16},"end":{"line":43,"column":null}},"5":{"start":{"line":45,"column":18},"end":{"line":46,"column":null}},"6":{"start":{"line":46,"column":4},"end":{"line":46,"column":null}},"7":{"start":{"line":48,"column":2},"end":{"line":60,"column":null}},"8":{"start":{"line":64,"column":16},"end":{"line":64,"column":null}},"9":{"start":{"line":65,"column":2},"end":{"line":67,"column":null}},"10":{"start":{"line":66,"column":4},"end":{"line":66,"column":null}},"11":{"start":{"line":69,"column":2},"end":{"line":73,"column":null}},"12":{"start":{"line":70,"column":4},"end":{"line":70,"column":null}},"13":{"start":{"line":72,"column":4},"end":{"line":72,"column":null}},"14":{"start":{"line":77,"column":26},"end":{"line":77,"column":null}},"15":{"start":{"line":78,"column":8},"end":{"line":78,"column":null}},"16":{"start":{"line":80,"column":8},"end":{"line":80,"column":null}},"17":{"start":{"line":80,"column":25},"end":{"line":80,"column":50}},"18":{"start":{"line":81,"column":8},"end":{"line":88,"column":null}},"19":{"start":{"line":83,"column":6},"end":{"line":86,"column":null}},"20":{"start":{"line":83,"column":33},"end":{"line":86,"column":8}},"21":{"start":{"line":90,"column":2},"end":{"line":92,"column":null}},"22":{"start":{"line":91,"column":4},"end":{"line":91,"column":null}},"23":{"start":{"line":94,"column":2},"end":{"line":190,"column":null}},"24":{"start":{"line":108,"column":21},"end":{"line":108,"column":null}},"25":{"start":{"line":161,"column":41},"end":{"line":161,"column":null}}},"fnMap":{"0":{"name":"sanitizeInputs","decl":{"start":{"line":38,"column":9},"end":{"line":38,"column":24}},"loc":{"start":{"line":38,"column":49},"end":{"line":61,"column":null}},"line":38},"1":{"name":"(anonymous_1)","decl":{"start":{"line":45,"column":18},"end":{"line":45,"column":23}},"loc":{"start":{"line":46,"column":4},"end":{"line":46,"column":null}},"line":46},"2":{"name":"loadInitialInputs","decl":{"start":{"line":63,"column":9},"end":{"line":63,"column":40}},"loc":{"start":{"line":63,"column":40},"end":{"line":74,"column":null}},"line":63},"3":{"name":"App","decl":{"start":{"line":76,"column":24},"end":{"line":76,"column":30}},"loc":{"start":{"line":76,"column":30},"end":{"line":192,"column":null}},"line":76},"4":{"name":"(anonymous_4)","decl":{"start":{"line":80,"column":25},"end":{"line":80,"column":31}},"loc":{"start":{"line":80,"column":25},"end":{"line":80,"column":50}},"line":80},"5":{"name":"(anonymous_5)","decl":{"start":{"line":82,"column":4},"end":{"line":82,"column":null}},"loc":{"start":{"line":83,"column":6},"end":{"line":86,"column":null}},"line":83},"6":{"name":"(anonymous_6)","decl":{"start":{"line":83,"column":22},"end":{"line":83,"column":23}},"loc":{"start":{"line":83,"column":33},"end":{"line":86,"column":8}},"line":83},"7":{"name":"(anonymous_7)","decl":{"start":{"line":90,"column":12},"end":{"line":90,"column":18}},"loc":{"start":{"line":90,"column":18},"end":{"line":92,"column":5}},"line":90},"8":{"name":"(anonymous_8)","decl":{"start":{"line":108,"column":21},"end":{"line":108,"column":27}},"loc":{"start":{"line":108,"column":21},"end":{"line":108,"column":null}},"line":108},"9":{"name":"(anonymous_9)","decl":{"start":{"line":161,"column":35},"end":{"line":161,"column":41}},"loc":{"start":{"line":161,"column":41},"end":{"line":161,"column":null}},"line":161}},"branchMap":{"0":{"loc":{"start":{"line":39,"column":2},"end":{"line":41,"column":null}},"type":"if","locations":[{"start":{"line":39,"column":2},"end":{"line":41,"column":null}},{"start":{},"end":{}}],"line":39},"1":{"loc":{"start":{"line":39,"column":6},"end":{"line":39,"column":39}},"type":"binary-expr","locations":[{"start":{"line":39,"column":6},"end":{"line":39,"column":14}},{"start":{"line":39,"column":14},"end":{"line":39,"column":39}}],"line":39},"2":{"loc":{"start":{"line":49,"column":10},"end":{"line":49,"column":null}},"type":"cond-expr","locations":[{"start":{"line":49,"column":45},"end":{"line":49,"column":58}},{"start":{"line":49,"column":58},"end":{"line":49,"column":null}}],"line":49},"3":{"loc":{"start":{"line":50,"column":21},"end":{"line":50,"column":null}},"type":"cond-expr","locations":[{"start":{"line":50,"column":80},"end":{"line":50,"column":104}},{"start":{"line":50,"column":104},"end":{"line":50,"column":null}}],"line":50},"4":{"loc":{"start":{"line":51,"column":17},"end":{"line":51,"column":null}},"type":"cond-expr","locations":[{"start":{"line":51,"column":68},"end":{"line":51,"column":88}},{"start":{"line":51,"column":88},"end":{"line":51,"column":null}}],"line":51},"5":{"loc":{"start":{"line":52,"column":23},"end":{"line":52,"column":null}},"type":"cond-expr","locations":[{"start":{"line":52,"column":66},"end":{"line":52,"column":127}},{"start":{"line":52,"column":127},"end":{"line":52,"column":null}}],"line":52},"6":{"loc":{"start":{"line":53,"column":17},"end":{"line":53,"column":null}},"type":"cond-expr","locations":[{"start":{"line":53,"column":58},"end":{"line":53,"column":78}},{"start":{"line":53,"column":78},"end":{"line":53,"column":null}}],"line":53},"7":{"loc":{"start":{"line":54,"column":19},"end":{"line":54,"column":null}},"type":"cond-expr","locations":[{"start":{"line":54,"column":73},"end":{"line":54,"column":95}},{"start":{"line":54,"column":95},"end":{"line":54,"column":null}}],"line":54},"8":{"loc":{"start":{"line":55,"column":21},"end":{"line":55,"column":null}},"type":"cond-expr","locations":[{"start":{"line":55,"column":62},"end":{"line":55,"column":121}},{"start":{"line":55,"column":121},"end":{"line":55,"column":null}}],"line":55},"9":{"loc":{"start":{"line":56,"column":17},"end":{"line":56,"column":null}},"type":"cond-expr","locations":[{"start":{"line":56,"column":54},"end":{"line":56,"column":95}},{"start":{"line":56,"column":95},"end":{"line":56,"column":null}}],"line":56},"10":{"loc":{"start":{"line":57,"column":18},"end":{"line":57,"column":null}},"type":"cond-expr","locations":[{"start":{"line":57,"column":56},"end":{"line":57,"column":98}},{"start":{"line":57,"column":98},"end":{"line":57,"column":null}}],"line":57},"11":{"loc":{"start":{"line":58,"column":18},"end":{"line":58,"column":null}},"type":"cond-expr","locations":[{"start":{"line":58,"column":56},"end":{"line":58,"column":98}},{"start":{"line":58,"column":98},"end":{"line":58,"column":null}}],"line":58},"12":{"loc":{"start":{"line":59,"column":25},"end":{"line":59,"column":null}},"type":"cond-expr","locations":[{"start":{"line":59,"column":74},"end":{"line":59,"column":102}},{"start":{"line":59,"column":102},"end":{"line":59,"column":null}}],"line":59},"13":{"loc":{"start":{"line":65,"column":2},"end":{"line":67,"column":null}},"type":"if","locations":[{"start":{"line":65,"column":2},"end":{"line":67,"column":null}},{"start":{},"end":{}}],"line":65},"14":{"loc":{"start":{"line":78,"column":8},"end":{"line":78,"column":null}},"type":"cond-expr","locations":[{"start":{"line":78,"column":47},"end":{"line":78,"column":61}},{"start":{"line":78,"column":61},"end":{"line":78,"column":null}}],"line":78},"15":{"loc":{"start":{"line":85,"column":16},"end":{"line":85,"column":null}},"type":"cond-expr","locations":[{"start":{"line":85,"column":39},"end":{"line":85,"column":48}},{"start":{"line":85,"column":39},"end":{"line":85,"column":null}}],"line":85},"16":{"loc":{"start":{"line":108,"column":27},"end":{"line":108,"column":71}},"type":"cond-expr","locations":[{"start":{"line":108,"column":60},"end":{"line":108,"column":67}},{"start":{"line":108,"column":67},"end":{"line":108,"column":71}}],"line":108},"17":{"loc":{"start":{"line":125,"column":13},"end":{"line":129,"column":null}},"type":"binary-expr","locations":[{"start":{"line":125,"column":13},"end":{"line":125,"column":null}},{"start":{"line":126,"column":14},"end":{"line":129,"column":null}}],"line":125}},"s":{"0":1,"1":1,"2":5,"3":1,"4":4,"5":4,"6":16,"7":4,"8":10,"9":10,"10":4,"11":6,"12":6,"13":1,"14":10,"15":10,"16":10,"17":10,"18":10,"19":10,"20":30,"21":10,"22":10,"23":10,"24":0,"25":0},"f":{"0":5,"1":16,"2":10,"3":10,"4":10,"5":10,"6":30,"7":10,"8":0,"9":0},"b":{"0":[1,4],"1":[5,4],"2":[3,1],"3":[3,1],"4":[3,1],"5":[3,1],"6":[3,1],"7":[3,1],"8":[3,1],"9":[3,1],"10":[3,1],"11":[3,1],"12":[3,1],"13":[4,6],"14":[10,0],"15":[10,20],"16":[0,0],"17":[10,1]},"meta":{"lastBranch":18,"lastFunction":10,"lastStatement":26,"seen":{"s:22:34:34:Infinity":0,"s:36:20:36:Infinity":1,"f:38:9:38:24":0,"b:39:2:41:Infinity:undefined:undefined:undefined:undefined":0,"s:39:2:41:Infinity":2,"b:39:6:39:14:39:14:39:39":1,"s:40:4:40:Infinity":3,"s:43:16:43:Infinity":4,"s:45:18:46:Infinity":5,"f:45:18:45:23":1,"s:46:4:46:Infinity":6,"s:48:2:60:Infinity":7,"b:49:45:49:58:49:58:49:Infinity":2,"b:50:80:50:104:50:104:50:Infinity":3,"b:51:68:51:88:51:88:51:Infinity":4,"b:52:66:52:127:52:127:52:Infinity":5,"b:53:58:53:78:53:78:53:Infinity":6,"b:54:73:54:95:54:95:54:Infinity":7,"b:55:62:55:121:55:121:55:Infinity":8,"b:56:54:56:95:56:95:56:Infinity":9,"b:57:56:57:98:57:98:57:Infinity":10,"b:58:56:58:98:58:98:58:Infinity":11,"b:59:74:59:102:59:102:59:Infinity":12,"f:63:9:63:40":2,"s:64:16:64:Infinity":8,"b:65:2:67:Infinity:undefined:undefined:undefined:undefined":13,"s:65:2:67:Infinity":9,"s:66:4:66:Infinity":10,"s:69:2:73:Infinity":11,"s:70:4:70:Infinity":12,"s:72:4:72:Infinity":13,"f:76:24:76:30":3,"s:77:26:77:Infinity":14,"s:78:8:78:Infinity":15,"b:78:47:78:61:78:61:78:Infinity":14,"s:80:8:80:Infinity":16,"f:80:25:80:31":4,"s:80:25:80:50":17,"s:81:8:88:Infinity":18,"f:82:4:82:Infinity":5,"s:83:6:86:Infinity":19,"f:83:22:83:23":6,"s:83:33:86:8":20,"b:85:39:85:48:85:39:85:Infinity":15,"s:90:2:92:Infinity":21,"f:90:12:90:18":7,"s:91:4:91:Infinity":22,"s:94:2:190:Infinity":23,"f:108:21:108:27":8,"s:108:21:108:Infinity":24,"b:108:60:108:67:108:67:108:71":16,"b:125:13:125:Infinity:126:14:129:Infinity":17,"f:161:35:161:41":9,"s:161:41:161:Infinity":25}}}
,"/home/runner/work/bordertax/bordertax/src/components/BEResult.tsx": {"path":"/home/runner/work/bordertax/bordertax/src/components/BEResult.tsx","statementMap":{"0":{"start":{"line":11,"column":12},"end":{"line":12,"column":null}},"1":{"start":{"line":12,"column":2},"end":{"line":12,"column":null}},"2":{"start":{"line":13,"column":12},"end":{"line":13,"column":null}},"3":{"start":{"line":13,"column":27},"end":{"line":13,"column":null}},"4":{"start":{"line":16,"column":2},"end":{"line":23,"column":null}},"5":{"start":{"line":17,"column":4},"end":{"line":21,"column":null}},"6":{"start":{"line":25,"column":2},"end":{"line":25,"column":null}},"7":{"start":{"line":25,"column":15},"end":{"line":25,"column":null}},"8":{"start":{"line":27,"column":22},"end":{"line":27,"column":null}},"9":{"start":{"line":29,"column":2},"end":{"line":121,"column":null}}},"fnMap":{"0":{"name":"(anonymous_0)","decl":{"start":{"line":11,"column":12},"end":{"line":11,"column":13}},"loc":{"start":{"line":12,"column":2},"end":{"line":12,"column":null}},"line":12},"1":{"name":"(anonymous_1)","decl":{"start":{"line":13,"column":12},"end":{"line":13,"column":13}},"loc":{"start":{"line":13,"column":27},"end":{"line":13,"column":null}},"line":13},"2":{"name":"BEResult","decl":{"start":{"line":15,"column":24},"end":{"line":15,"column":33}},"loc":{"start":{"line":15,"column":69},"end":{"line":123,"column":null}},"line":15}},"branchMap":{"0":{"loc":{"start":{"line":16,"column":2},"end":{"line":23,"column":null}},"type":"if","locations":[{"start":{"line":16,"column":2},"end":{"line":23,"column":null}},{"start":{},"end":{}}],"line":16},"1":{"loc":{"start":{"line":25,"column":2},"end":{"line":25,"column":null}},"type":"if","locations":[{"start":{"line":25,"column":2},"end":{"line":25,"column":null}},{"start":{},"end":{}}],"line":25},"2":{"loc":{"start":{"line":33,"column":7},"end":{"line":37,"column":null}},"type":"binary-expr","locations":[{"start":{"line":33,"column":7},"end":{"line":33,"column":null}},{"start":{"line":34,"column":8},"end":{"line":37,"column":null}}],"line":33}},"s":{"0":2,"1":156,"2":2,"3":52,"4":16,"5":2,"6":14,"7":1,"8":13,"9":13},"f":{"0":156,"1":52,"2":16},"b":{"0":[2,14],"1":[1,13],"2":[13,2]},"meta":{"lastBranch":3,"lastFunction":3,"lastStatement":10,"seen":{"s:11:12:12:Infinity":0,"f:11:12:11:13":0,"s:12:2:12:Infinity":1,"s:13:12:13:Infinity":2,"f:13:12:13:13":1,"s:13:27:13:Infinity":3,"f:15:24:15:33":2,"b:16:2:23:Infinity:undefined:undefined:undefined:undefined":0,"s:16:2:23:Infinity":4,"s:17:4:21:Infinity":5,"b:25:2:25:Infinity:undefined:undefined:undefined:undefined":1,"s:25:2:25:Infinity":6,"s:25:15:25:Infinity":7,"s:27:22:27:Infinity":8,"s:29:2:121:Infinity":9,"b:33:7:33:Infinity:34:8:37:Infinity":2}}}
,"/home/runner/work/bordertax/bordertax/src/components/InputPanel.tsx": {"path":"/home/runner/work/bordertax/bordertax/src/components/InputPanel.tsx","statementMap":{"0":{"start":{"line":13,"column":4},"end":{"line":13,"column":null}},"1":{"start":{"line":16,"column":2},"end":{"line":189,"column":null}},"2":{"start":{"line":30,"column":33},"end":{"line":30,"column":null}},"3":{"start":{"line":33,"column":18},"end":{"line":35,"column":null}},"4":{"start":{"line":44,"column":33},"end":{"line":44,"column":null}},"5":{"start":{"line":60,"column":33},"end":{"line":60,"column":null}},"6":{"start":{"line":74,"column":33},"end":{"line":74,"column":null}},"7":{"start":{"line":83,"column":33},"end":{"line":83,"column":null}},"8":{"start":{"line":98,"column":37},"end":{"line":98,"column":null}},"9":{"start":{"line":119,"column":37},"end":{"line":119,"column":null}},"10":{"start":{"line":144,"column":33},"end":{"line":144,"column":null}},"11":{"start":{"line":159,"column":33},"end":{"line":159,"column":null}},"12":{"start":{"line":171,"column":33},"end":{"line":171,"column":null}},"13":{"start":{"line":180,"column":33},"end":{"line":180,"column":null}}},"fnMap":{"0":{"name":"InputPanel","decl":{"start":{"line":11,"column":24},"end":{"line":11,"column":35}},"loc":{"start":{"line":11,"column":64},"end":{"line":191,"column":null}},"line":11},"1":{"name":"set","decl":{"start":{"line":12,"column":11},"end":{"line":12,"column":42}},"loc":{"start":{"line":12,"column":71},"end":{"line":14,"column":null}},"line":12},"2":{"name":"(anonymous_2)","decl":{"start":{"line":30,"column":26},"end":{"line":30,"column":27}},"loc":{"start":{"line":30,"column":33},"end":{"line":30,"column":null}},"line":30},"3":{"name":"(anonymous_3)","decl":{"start":{"line":32,"column":33},"end":{"line":32,"column":34}},"loc":{"start":{"line":33,"column":18},"end":{"line":35,"column":null}},"line":33},"4":{"name":"(anonymous_4)","decl":{"start":{"line":44,"column":26},"end":{"line":44,"column":27}},"loc":{"start":{"line":44,"column":33},"end":{"line":44,"column":null}},"line":44},"5":{"name":"(anonymous_5)","decl":{"start":{"line":60,"column":26},"end":{"line":60,"column":27}},"loc":{"start":{"line":60,"column":33},"end":{"line":60,"column":null}},"line":60},"6":{"name":"(anonymous_6)","decl":{"start":{"line":74,"column":26},"end":{"line":74,"column":27}},"loc":{"start":{"line":74,"column":33},"end":{"line":74,"column":null}},"line":74},"7":{"name":"(anonymous_7)","decl":{"start":{"line":83,"column":26},"end":{"line":83,"column":27}},"loc":{"start":{"line":83,"column":33},"end":{"line":83,"column":null}},"line":83},"8":{"name":"(anonymous_8)","decl":{"start":{"line":98,"column":30},"end":{"line":98,"column":31}},"loc":{"start":{"line":98,"column":37},"end":{"line":98,"column":null}},"line":98},"9":{"name":"(anonymous_9)","decl":{"start":{"line":119,"column":30},"end":{"line":119,"column":31}},"loc":{"start":{"line":119,"column":37},"end":{"line":119,"column":null}},"line":119},"10":{"name":"(anonymous_10)","decl":{"start":{"line":144,"column":26},"end":{"line":144,"column":27}},"loc":{"start":{"line":144,"column":33},"end":{"line":144,"column":null}},"line":144},"11":{"name":"(anonymous_11)","decl":{"start":{"line":159,"column":26},"end":{"line":159,"column":27}},"loc":{"start":{"line":159,"column":33},"end":{"line":159,"column":null}},"line":159},"12":{"name":"(anonymous_12)","decl":{"start":{"line":171,"column":26},"end":{"line":171,"column":27}},"loc":{"start":{"line":171,"column":33},"end":{"line":171,"column":null}},"line":171},"13":{"name":"(anonymous_13)","decl":{"start":{"line":180,"column":26},"end":{"line":180,"column":27}},"loc":{"start":{"line":180,"column":33},"end":{"line":180,"column":null}},"line":180}},"branchMap":{"0":{"loc":{"start":{"line":87,"column":13},"end":{"line":123,"column":null}},"type":"binary-expr","locations":[{"start":{"line":87,"column":13},"end":{"line":87,"column":null}},{"start":{"line":88,"column":14},"end":{"line":123,"column":null}}],"line":87}},"s":{"0":11,"1":24,"2":1,"3":72,"4":1,"5":1,"6":1,"7":1,"8":1,"9":1,"10":1,"11":1,"12":1,"13":1},"f":{"0":24,"1":11,"2":1,"3":72,"4":1,"5":1,"6":1,"7":1,"8":1,"9":1,"10":1,"11":1,"12":1,"13":1},"b":{"0":[24,22]},"meta":{"lastBranch":1,"lastFunction":14,"lastStatement":14,"seen":{"f:11:24:11:35":0,"f:12:11:12:42":1,"s:13:4:13:Infinity":0,"s:16:2:189:Infinity":1,"f:30:26:30:27":2,"s:30:33:30:Infinity":2,"f:32:33:32:34":3,"s:33:18:35:Infinity":3,"f:44:26:44:27":4,"s:44:33:44:Infinity":4,"f:60:26:60:27":5,"s:60:33:60:Infinity":5,"f:74:26:74:27":6,"s:74:33:74:Infinity":6,"f:83:26:83:27":7,"s:83:33:83:Infinity":7,"b:87:13:87:Infinity:88:14:123:Infinity":0,"f:98:30:98:31":8,"s:98:37:98:Infinity":8,"f:119:30:119:31":9,"s:119:37:119:Infinity":9,"f:144:26:144:27":10,"s:144:33:144:Infinity":10,"f:159:26:159:27":11,"s:159:33:159:Infinity":11,"f:171:26:171:27":12,"s:171:33:171:Infinity":12,"f:180:26:180:27":13,"s:180:33:180:Infinity":13}}}
,"/home/runner/work/bordertax/bordertax/src/components/MultiYearComparison.tsx": {"path":"/home/runner/work/bordertax/bordertax/src/components/MultiYearComparison.tsx","statementMap":{"0":{"start":{"line":17,"column":12},"end":{"line":18,"column":null}},"1":{"start":{"line":18,"column":2},"end":{"line":18,"column":null}},"2":{"start":{"line":20,"column":12},"end":{"line":20,"column":null}},"3":{"start":{"line":20,"column":27},"end":{"line":20,"column":null}},"4":{"start":{"line":23,"column":2},"end":{"line":57,"column":null}},"5":{"start":{"line":40,"column":12},"end":{"line":50,"column":null}}},"fnMap":{"0":{"name":"(anonymous_0)","decl":{"start":{"line":17,"column":12},"end":{"line":17,"column":13}},"loc":{"start":{"line":18,"column":2},"end":{"line":18,"column":null}},"line":18},"1":{"name":"(anonymous_1)","decl":{"start":{"line":20,"column":12},"end":{"line":20,"column":13}},"loc":{"start":{"line":20,"column":27},"end":{"line":20,"column":null}},"line":20},"2":{"name":"MultiYearComparison","decl":{"start":{"line":22,"column":24},"end":{"line":22,"column":44}},"loc":{"start":{"line":22,"column":73},"end":{"line":59,"column":null}},"line":22},"3":{"name":"(anonymous_3)","decl":{"start":{"line":39,"column":20},"end":{"line":39,"column":21}},"loc":{"start":{"line":40,"column":12},"end":{"line":50,"column":null}},"line":40}},"branchMap":{"0":{"loc":{"start":{"line":40,"column":38},"end":{"line":40,"column":null}},"type":"cond-expr","locations":[{"start":{"line":40,"column":60},"end":{"line":40,"column":78}},{"start":{"line":40,"column":78},"end":{"line":40,"column":null}}],"line":40},"1":{"loc":{"start":{"line":42,"column":24},"end":{"line":42,"column":null}},"type":"binary-expr","locations":[{"start":{"line":42,"column":24},"end":{"line":42,"column":47}},{"start":{"line":42,"column":47},"end":{"line":42,"column":null}}],"line":42},"2":{"loc":{"start":{"line":46,"column":57},"end":{"line":46,"column":81}},"type":"binary-expr","locations":[{"start":{"line":46,"column":57},"end":{"line":46,"column":80}},{"start":{"line":46,"column":80},"end":{"line":46,"column":81}}],"line":46}},"s":{"0":2,"1":210,"2":2,"3":42,"4":14,"5":42},"f":{"0":210,"1":42,"2":14,"3":42},"b":{"0":[14,28],"1":[42,14],"2":[42,3]},"meta":{"lastBranch":3,"lastFunction":4,"lastStatement":6,"seen":{"s:17:12:18:Infinity":0,"f:17:12:17:13":0,"s:18:2:18:Infinity":1,"s:20:12:20:Infinity":2,"f:20:12:20:13":1,"s:20:27:20:Infinity":3,"f:22:24:22:44":2,"s:23:2:57:Infinity":4,"f:39:20:39:21":3,"s:40:12:50:Infinity":5,"b:40:60:40:78:40:78:40:Infinity":0,"b:42:24:42:47:42:47:42:Infinity":1,"b:46:57:46:80:46:80:46:81":2}}}
,"/home/runner/work/bordertax/bordertax/src/components/NLResult.tsx": {"path":"/home/runner/work/bordertax/bordertax/src/components/NLResult.tsx","statementMap":{"0":{"start":{"line":10,"column":12},"end":{"line":11,"column":null}},"1":{"start":{"line":11,"column":2},"end":{"line":11,"column":null}},"2":{"start":{"line":12,"column":12},"end":{"line":12,"column":null}},"3":{"start":{"line":12,"column":27},"end":{"line":12,"column":null}},"4":{"start":{"line":15,"column":2},"end":{"line":84,"column":null}},"5":{"start":{"line":40,"column":12},"end":{"line":45,"column":null}}},"fnMap":{"0":{"name":"(anonymous_0)","decl":{"start":{"line":10,"column":12},"end":{"line":10,"column":13}},"loc":{"start":{"line":11,"column":2},"end":{"line":11,"column":null}},"line":11},"1":{"name":"(anonymous_1)","decl":{"start":{"line":12,"column":12},"end":{"line":12,"column":13}},"loc":{"start":{"line":12,"column":27},"end":{"line":12,"column":null}},"line":12},"2":{"name":"NLResult","decl":{"start":{"line":14,"column":24},"end":{"line":14,"column":33}},"loc":{"start":{"line":14,"column":52},"end":{"line":86,"column":null}},"line":14},"3":{"name":"(anonymous_3)","decl":{"start":{"line":39,"column":31},"end":{"line":39,"column":32}},"loc":{"start":{"line":40,"column":12},"end":{"line":45,"column":null}},"line":40}},"branchMap":{},"s":{"0":2,"1":134,"2":2,"3":39,"4":14,"5":25},"f":{"0":134,"1":39,"2":14,"3":25},"b":{},"meta":{"lastBranch":0,"lastFunction":4,"lastStatement":6,"seen":{"s:10:12:11:Infinity":0,"f:10:12:10:13":0,"s:11:2:11:Infinity":1,"s:12:12:12:Infinity":2,"f:12:12:12:13":1,"s:12:27:12:Infinity":3,"f:14:24:14:33":2,"s:15:2:84:Infinity":4,"f:39:31:39:32":3,"s:40:12:45:Infinity":5}}}
,"/home/runner/work/bordertax/bordertax/src/components/SummaryResult.tsx": {"path":"/home/runner/work/bordertax/bordertax/src/components/SummaryResult.tsx","statementMap":{"0":{"start":{"line":12,"column":25},"end":{"line":12,"column":null}},"1":{"start":{"line":14,"column":12},"end":{"line":15,"column":null}},"2":{"start":{"line":15,"column":2},"end":{"line":15,"column":null}},"3":{"start":{"line":16,"column":12},"end":{"line":16,"column":null}},"4":{"start":{"line":16,"column":27},"end":{"line":16,"column":null}},"5":{"start":{"line":19,"column":34},"end":{"line":19,"column":null}},"6":{"start":{"line":20,"column":75},"end":{"line":20,"column":null}},"7":{"start":{"line":22,"column":16},"end":{"line":22,"column":null}},"8":{"start":{"line":23,"column":16},"end":{"line":23,"column":null}},"9":{"start":{"line":24,"column":17},"end":{"line":24,"column":null}},"10":{"start":{"line":27,"column":2},"end":{"line":39,"column":null}},"11":{"start":{"line":28,"column":4},"end":{"line":30,"column":null}},"12":{"start":{"line":29,"column":6},"end":{"line":29,"column":null}},"13":{"start":{"line":32,"column":18},"end":{"line":34,"column":null}},"14":{"start":{"line":33,"column":6},"end":{"line":33,"column":null}},"15":{"start":{"line":36,"column":4},"end":{"line":38,"column":null}},"16":{"start":{"line":37,"column":6},"end":{"line":37,"column":null}},"17":{"start":{"line":42,"column":18},"end":{"line":50,"column":null}},"18":{"start":{"line":52,"column":4},"end":{"line":57,"column":null}},"19":{"start":{"line":53,"column":6},"end":{"line":53,"column":null}},"20":{"start":{"line":54,"column":6},"end":{"line":54,"column":null}},"21":{"start":{"line":56,"column":6},"end":{"line":56,"column":null}},"22":{"start":{"line":60,"column":2},"end":{"line":148,"column":null}},"23":{"start":{"line":63,"column":67},"end":{"line":63,"column":null}}},"fnMap":{"0":{"name":"(anonymous_0)","decl":{"start":{"line":14,"column":12},"end":{"line":14,"column":13}},"loc":{"start":{"line":15,"column":2},"end":{"line":15,"column":null}},"line":15},"1":{"name":"(anonymous_1)","decl":{"start":{"line":16,"column":12},"end":{"line":16,"column":13}},"loc":{"start":{"line":16,"column":27},"end":{"line":16,"column":null}},"line":16},"2":{"name":"SummaryResult","decl":{"start":{"line":18,"column":24},"end":{"line":18,"column":38}},"loc":{"start":{"line":18,"column":72},"end":{"line":150,"column":null}},"line":18},"3":{"name":"(anonymous_3)","decl":{"start":{"line":27,"column":12},"end":{"line":27,"column":18}},"loc":{"start":{"line":27,"column":18},"end":{"line":39,"column":5}},"line":27},"4":{"name":"(anonymous_4)","decl":{"start":{"line":32,"column":36},"end":{"line":32,"column":42}},"loc":{"start":{"line":32,"column":42},"end":{"line":34,"column":7}},"line":32},"5":{"name":"(anonymous_5)","decl":{"start":{"line":36,"column":11},"end":{"line":36,"column":17}},"loc":{"start":{"line":36,"column":17},"end":{"line":38,"column":null}},"line":36},"6":{"name":"copySummary","decl":{"start":{"line":41,"column":17},"end":{"line":41,"column":31}},"loc":{"start":{"line":41,"column":31},"end":{"line":58,"column":null}},"line":41},"7":{"name":"(anonymous_7)","decl":{"start":{"line":63,"column":61},"end":{"line":63,"column":67}},"loc":{"start":{"line":63,"column":67},"end":{"line":63,"column":null}},"line":63}},"branchMap":{"0":{"loc":{"start":{"line":22,"column":16},"end":{"line":22,"column":null}},"type":"cond-expr","locations":[{"start":{"line":22,"column":35},"end":{"line":22,"column":70}},{"start":{"line":22,"column":70},"end":{"line":22,"column":null}}],"line":22},"1":{"loc":{"start":{"line":23,"column":16},"end":{"line":23,"column":null}},"type":"cond-expr","locations":[{"start":{"line":23,"column":30},"end":{"line":23,"column":78}},{"start":{"line":23,"column":78},"end":{"line":23,"column":null}}],"line":23},"2":{"loc":{"start":{"line":23,"column":36},"end":{"line":23,"column":57}},"type":"binary-expr","locations":[{"start":{"line":23,"column":36},"end":{"line":23,"column":52}},{"start":{"line":23,"column":52},"end":{"line":23,"column":57}}],"line":23},"3":{"loc":{"start":{"line":28,"column":4},"end":{"line":30,"column":null}},"type":"if","locations":[{"start":{"line":28,"column":4},"end":{"line":30,"column":null}},{"start":{},"end":{}}],"line":28},"4":{"loc":{"start":{"line":46,"column":40},"end":{"line":46,"column":57}},"type":"binary-expr","locations":[{"start":{"line":46,"column":40},"end":{"line":46,"column":56}},{"start":{"line":46,"column":56},"end":{"line":46,"column":57}}],"line":46},"5":{"loc":{"start":{"line":73,"column":7},"end":{"line":76,"column":null}},"type":"binary-expr","locations":[{"start":{"line":73,"column":7},"end":{"line":73,"column":null}},{"start":{"line":74,"column":8},"end":{"line":76,"column":null}}],"line":73},"6":{"loc":{"start":{"line":78,"column":7},"end":{"line":81,"column":null}},"type":"binary-expr","locations":[{"start":{"line":78,"column":7},"end":{"line":78,"column":null}},{"start":{"line":79,"column":8},"end":{"line":81,"column":null}}],"line":78},"7":{"loc":{"start":{"line":96,"column":11},"end":{"line":100,"column":null}},"type":"binary-expr","locations":[{"start":{"line":96,"column":11},"end":{"line":96,"column":17}},{"start":{"line":96,"column":17},"end":{"line":96,"column":null}},{"start":{"line":97,"column":12},"end":{"line":100,"column":null}}],"line":96},"8":{"loc":{"start":{"line":121,"column":9},"end":{"line":122,"column":null}},"type":"binary-expr","locations":[{"start":{"line":121,"column":9},"end":{"line":121,"column":null}},{"start":{"line":122,"column":10},"end":{"line":122,"column":null}}],"line":121},"9":{"loc":{"start":{"line":143,"column":33},"end":{"line":143,"column":110}},"type":"binary-expr","locations":[{"start":{"line":143,"column":33},"end":{"line":143,"column":93}},{"start":{"line":143,"column":93},"end":{"line":143,"column":110}}],"line":143}},"s":{"0":2,"1":2,"2":173,"3":2,"4":115,"5":23,"6":23,"7":23,"8":23,"9":23,"10":23,"11":22,"12":19,"13":3,"14":1,"15":3,"16":3,"17":3,"18":3,"19":3,"20":2,"21":1,"22":23,"23":3},"f":{"0":173,"1":115,"2":23,"3":22,"4":1,"5":3,"6":3,"7":3},"b":{"0":[22,1],"1":[22,1],"2":[22,2],"3":[19,3],"4":[3,0],"5":[23,2],"6":[23,1],"7":[23,21,20],"8":[23,20],"9":[23,1]},"meta":{"lastBranch":10,"lastFunction":8,"lastStatement":24,"seen":{"s:12:25:12:Infinity":0,"s:14:12:15:Infinity":1,"f:14:12:14:13":0,"s:15:2:15:Infinity":2,"s:16:12:16:Infinity":3,"f:16:12:16:13":1,"s:16:27:16:Infinity":4,"f:18:24:18:38":2,"s:19:34:19:Infinity":5,"s:20:75:20:Infinity":6,"s:22:16:22:Infinity":7,"b:22:35:22:70:22:70:22:Infinity":0,"s:23:16:23:Infinity":8,"b:23:30:23:78:23:78:23:Infinity":1,"b:23:36:23:52:23:52:23:57":2,"s:24:17:24:Infinity":9,"s:27:2:39:Infinity":10,"f:27:12:27:18":3,"b:28:4:30:Infinity:undefined:undefined:undefined:undefined":3,"s:28:4:30:Infinity":11,"s:29:6:29:Infinity":12,"s:32:18:34:Infinity":13,"f:32:36:32:42":4,"s:33:6:33:Infinity":14,"s:36:4:38:Infinity":15,"f:36:11:36:17":5,"s:37:6:37:Infinity":16,"f:41:17:41:31":6,"s:42:18:50:Infinity":17,"b:46:40:46:56:46:56:46:57":4,"s:52:4:57:Infinity":18,"s:53:6:53:Infinity":19,"s:54:6:54:Infinity":20,"s:56:6:56:Infinity":21,"s:60:2:148:Infinity":22,"f:63:61:63:67":7,"s:63:67:63:Infinity":23,"b:73:7:73:Infinity:74:8:76:Infinity":5,"b:78:7:78:Infinity:79:8:81:Infinity":6,"b:96:11:96:17:96:17:96:Infinity:97:12:100:Infinity":7,"b:121:9:121:Infinity:122:10:122:Infinity":8,"b:143:33:143:93:143:93:143:110":9}}}
,"/home/runner/work/bordertax/bordertax/src/tax/be.ts": {"path":"/home/runner/work/bordertax/bordertax/src/tax/be.ts","statementMap":{"0":{"start":{"line":35,"column":49},"end":{"line":77,"column":null}},"1":{"start":{"line":80,"column":18},"end":{"line":80,"column":null}},"2":{"start":{"line":81,"column":12},"end":{"line":81,"column":null}},"3":{"start":{"line":82,"column":2},"end":{"line":87,"column":null}},"4":{"start":{"line":83,"column":4},"end":{"line":83,"column":null}},"5":{"start":{"line":83,"column":24},"end":{"line":83,"column":null}},"6":{"start":{"line":84,"column":17},"end":{"line":84,"column":null}},"7":{"start":{"line":85,"column":4},"end":{"line":85,"column":null}},"8":{"start":{"line":86,"column":4},"end":{"line":86,"column":null}},"9":{"start":{"line":88,"column":2},"end":{"line":88,"column":null}},"10":{"start":{"line":96,"column":12},"end":{"line":96,"column":null}},"11":{"start":{"line":97,"column":21},"end":{"line":97,"column":null}},"12":{"start":{"line":99,"column":4},"end":{"line":103,"column":null}},"13":{"start":{"line":105,"column":2},"end":{"line":105,"column":null}},"14":{"start":{"line":109,"column":2},"end":{"line":109,"column":null}},"15":{"start":{"line":109,"column":39},"end":{"line":109,"column":null}},"16":{"start":{"line":111,"column":12},"end":{"line":111,"column":null}},"17":{"start":{"line":113,"column":20},"end":{"line":113,"column":null}},"18":{"start":{"line":114,"column":21},"end":{"line":114,"column":null}},"19":{"start":{"line":116,"column":19},"end":{"line":116,"column":null}},"20":{"start":{"line":117,"column":25},"end":{"line":117,"column":null}},"21":{"start":{"line":120,"column":31},"end":{"line":120,"column":null}},"22":{"start":{"line":123,"column":25},"end":{"line":123,"column":null}},"23":{"start":{"line":126,"column":27},"end":{"line":126,"column":null}},"24":{"start":{"line":129,"column":22},"end":{"line":129,"column":null}},"25":{"start":{"line":132,"column":36},"end":{"line":132,"column":null}},"26":{"start":{"line":135,"column":21},"end":{"line":135,"column":null}},"27":{"start":{"line":138,"column":22},"end":{"line":138,"column":null}},"28":{"start":{"line":140,"column":19},"end":{"line":140,"column":null}},"29":{"start":{"line":142,"column":2},"end":{"line":155,"column":null}}},"fnMap":{"0":{"name":"applyBEBrackets","decl":{"start":{"line":79,"column":9},"end":{"line":79,"column":25}},"loc":{"start":{"line":79,"column":72},"end":{"line":89,"column":null}},"line":79},"1":{"name":"belastingvrijeSomReduction","decl":{"start":{"line":95,"column":9},"end":{"line":95,"column":36}},"loc":{"start":{"line":95,"column":80},"end":{"line":106,"column":null}},"line":95},"2":{"name":"calculateBETax","decl":{"start":{"line":108,"column":16},"end":{"line":108,"column":31}},"loc":{"start":{"line":108,"column":70},"end":{"line":156,"column":null}},"line":108}},"branchMap":{"0":{"loc":{"start":{"line":83,"column":4},"end":{"line":83,"column":null}},"type":"if","locations":[{"start":{"line":83,"column":4},"end":{"line":83,"column":null}},{"start":{},"end":{}}],"line":83},"1":{"loc":{"start":{"line":84,"column":17},"end":{"line":84,"column":null}},"type":"cond-expr","locations":[{"start":{"line":84,"column":37},"end":{"line":84,"column":49}},{"start":{"line":84,"column":49},"end":{"line":84,"column":null}}],"line":84},"2":{"loc":{"start":{"line":99,"column":4},"end":{"line":103,"column":null}},"type":"cond-expr","locations":[{"start":{"line":100,"column":8},"end":{"line":100,"column":null}},{"start":{"line":101,"column":8},"end":{"line":103,"column":null}}],"line":99},"3":{"loc":{"start":{"line":101,"column":8},"end":{"line":103,"column":null}},"type":"cond-expr","locations":[{"start":{"line":102,"column":11},"end":{"line":102,"column":null}},{"start":{"line":102,"column":37},"end":{"line":103,"column":null}}],"line":101},"4":{"loc":{"start":{"line":102,"column":11},"end":{"line":102,"column":null}},"type":"binary-expr","locations":[{"start":{"line":102,"column":11},"end":{"line":102,"column":37}},{"start":{"line":102,"column":37},"end":{"line":102,"column":null}}],"line":102},"5":{"loc":{"start":{"line":103,"column":11},"end":{"line":103,"column":43}},"type":"binary-expr","locations":[{"start":{"line":103,"column":11},"end":{"line":103,"column":37}},{"start":{"line":103,"column":37},"end":{"line":103,"column":43}}],"line":103},"6":{"loc":{"start":{"line":109,"column":2},"end":{"line":109,"column":null}},"type":"if","locations":[{"start":{"line":109,"column":2},"end":{"line":109,"column":null}},{"start":{},"end":{}}],"line":109},"7":{"loc":{"start":{"line":111,"column":12},"end":{"line":111,"column":null}},"type":"binary-expr","locations":[{"start":{"line":111,"column":12},"end":{"line":111,"column":38}},{"start":{"line":111,"column":38},"end":{"line":111,"column":null}}],"line":111},"8":{"loc":{"start":{"line":114,"column":21},"end":{"line":114,"column":null}},"type":"cond-expr","locations":[{"start":{"line":114,"column":37},"end":{"line":114,"column":71}},{"start":{"line":114,"column":71},"end":{"line":114,"column":null}}],"line":114},"9":{"loc":{"start":{"line":154,"column":21},"end":{"line":154,"column":null}},"type":"cond-expr","locations":[{"start":{"line":154,"column":46},"end":{"line":154,"column":78}},{"start":{"line":154,"column":78},"end":{"line":154,"column":null}}],"line":154}},"s":{"0":4,"1":54,"2":54,"3":54,"4":200,"5":6,"6":194,"7":200,"8":200,"9":54,"10":54,"11":54,"12":54,"13":54,"14":66,"15":12,"16":54,"17":66,"18":66,"19":66,"20":66,"21":66,"22":66,"23":66,"24":66,"25":66,"26":66,"27":66,"28":66,"29":66},"f":{"0":54,"1":54,"2":66},"b":{"0":[6,194],"1":[48,146],"2":[51,3],"3":[2,1],"4":[2,0],"5":[1,0],"6":[12,54],"7":[54,0],"8":[50,4],"9":[50,4]},"meta":{"lastBranch":10,"lastFunction":3,"lastStatement":30,"seen":{"s:35:49:77:Infinity":0,"f:79:9:79:25":0,"s:80:18:80:Infinity":1,"s:81:12:81:Infinity":2,"s:82:2:87:Infinity":3,"b:83:4:83:Infinity:undefined:undefined:undefined:undefined":0,"s:83:4:83:Infinity":4,"s:83:24:83:Infinity":5,"s:84:17:84:Infinity":6,"b:84:37:84:49:84:49:84:Infinity":1,"s:85:4:85:Infinity":7,"s:86:4:86:Infinity":8,"s:88:2:88:Infinity":9,"f:95:9:95:36":1,"s:96:12:96:Infinity":10,"s:97:21:97:Infinity":11,"s:99:4:103:Infinity":12,"b:100:8:100:Infinity:101:8:103:Infinity":2,"b:102:11:102:Infinity:102:37:103:Infinity":3,"b:102:11:102:37:102:37:102:Infinity":4,"b:103:11:103:37:103:37:103:43":5,"s:105:2:105:Infinity":13,"f:108:16:108:31":2,"b:109:2:109:Infinity:undefined:undefined:undefined:undefined":6,"s:109:2:109:Infinity":14,"s:109:39:109:Infinity":15,"s:111:12:111:Infinity":16,"b:111:12:111:38:111:38:111:Infinity":7,"s:113:20:113:Infinity":17,"s:114:21:114:Infinity":18,"b:114:37:114:71:114:71:114:Infinity":8,"s:116:19:116:Infinity":19,"s:117:25:117:Infinity":20,"s:120:31:120:Infinity":21,"s:123:25:123:Infinity":22,"s:126:27:126:Infinity":23,"s:129:22:129:Infinity":24,"s:132:36:132:Infinity":25,"s:135:21:135:Infinity":26,"s:138:22:138:Infinity":27,"s:140:19:140:Infinity":28,"s:142:2:155:Infinity":29,"b:154:46:154:78:154:78:154:Infinity":9}}}
,"/home/runner/work/bordertax/bordertax/src/tax/constants.ts": {"path":"/home/runner/work/bordertax/bordertax/src/tax/constants.ts","statementMap":{"0":{"start":{"line":3,"column":27},"end":{"line":3,"column":null}},"1":{"start":{"line":4,"column":40},"end":{"line":4,"column":null}},"2":{"start":{"line":5,"column":36},"end":{"line":5,"column":null}},"3":{"start":{"line":6,"column":37},"end":{"line":6,"column":null}}},"fnMap":{},"branchMap":{},"s":{"0":3,"1":3,"2":3,"3":3},"f":{},"b":{},"meta":{"lastBranch":0,"lastFunction":0,"lastStatement":4,"seen":{"s:3:27:3:Infinity":0,"s:4:40:4:Infinity":1,"s:5:36:5:Infinity":2,"s:6:37:6:Infinity":3}}}
,"/home/runner/work/bordertax/bordertax/src/tax/index.ts": {"path":"/home/runner/work/bordertax/bordertax/src/tax/index.ts","statementMap":{"0":{"start":{"line":6,"column":8},"end":{"line":6,"column":null}},"1":{"start":{"line":7,"column":8},"end":{"line":7,"column":null}},"2":{"start":{"line":9,"column":19},"end":{"line":9,"column":null}},"3":{"start":{"line":10,"column":20},"end":{"line":10,"column":null}},"4":{"start":{"line":12,"column":2},"end":{"line":20,"column":null}}},"fnMap":{"0":{"name":"calculate","decl":{"start":{"line":5,"column":16},"end":{"line":5,"column":26}},"loc":{"start":{"line":5,"column":56},"end":{"line":21,"column":null}},"line":5}},"branchMap":{"0":{"loc":{"start":{"line":9,"column":34},"end":{"line":9,"column":null}},"type":"binary-expr","locations":[{"start":{"line":9,"column":34},"end":{"line":9,"column":50}},{"start":{"line":9,"column":50},"end":{"line":9,"column":null}}],"line":9},"1":{"loc":{"start":{"line":19,"column":24},"end":{"line":19,"column":null}},"type":"cond-expr","locations":[{"start":{"line":19,"column":49},"end":{"line":19,"column":81}},{"start":{"line":19,"column":81},"end":{"line":19,"column":null}}],"line":19}},"s":{"0":43,"1":43,"2":43,"3":43,"4":43},"f":{"0":43},"b":{"0":[43,11],"1":[38,5]},"meta":{"lastBranch":2,"lastFunction":1,"lastStatement":5,"seen":{"f:5:16:5:26":0,"s:6:8:6:Infinity":0,"s:7:8:7:Infinity":1,"s:9:19:9:Infinity":2,"b:9:34:9:50:9:50:9:Infinity":0,"s:10:20:10:Infinity":3,"s:12:2:20:Infinity":4,"b:19:49:19:81:19:81:19:Infinity":1}}}
,"/home/runner/work/bordertax/bordertax/src/tax/nl.ts": {"path":"/home/runner/work/bordertax/bordertax/src/tax/nl.ts","statementMap":{"0":{"start":{"line":39,"column":73},"end":{"line":155,"column":null}},"1":{"start":{"line":158,"column":18},"end":{"line":158,"column":null}},"2":{"start":{"line":159,"column":14},"end":{"line":159,"column":null}},"3":{"start":{"line":160,"column":31},"end":{"line":160,"column":null}},"4":{"start":{"line":162,"column":2},"end":{"line":177,"column":null}},"5":{"start":{"line":163,"column":4},"end":{"line":163,"column":null}},"6":{"start":{"line":163,"column":24},"end":{"line":163,"column":null}},"7":{"start":{"line":164,"column":17},"end":{"line":164,"column":null}},"8":{"start":{"line":165,"column":16},"end":{"line":165,"column":null}},"9":{"start":{"line":166,"column":4},"end":{"line":174,"column":null}},"10":{"start":{"line":175,"column":4},"end":{"line":175,"column":null}},"11":{"start":{"line":176,"column":4},"end":{"line":176,"column":null}},"12":{"start":{"line":179,"column":2},"end":{"line":179,"column":null}},"13":{"start":{"line":183,"column":2},"end":{"line":183,"column":null}},"14":{"start":{"line":183,"column":36},"end":{"line":183,"column":null}},"15":{"start":{"line":184,"column":2},"end":{"line":184,"column":null}},"16":{"start":{"line":184,"column":34},"end":{"line":184,"column":null}},"17":{"start":{"line":185,"column":2},"end":{"line":185,"column":null}},"18":{"start":{"line":189,"column":2},"end":{"line":193,"column":null}},"19":{"start":{"line":190,"column":4},"end":{"line":192,"column":null}},"20":{"start":{"line":191,"column":6},"end":{"line":191,"column":null}},"21":{"start":{"line":194,"column":2},"end":{"line":194,"column":null}},"22":{"start":{"line":198,"column":19},"end":{"line":198,"column":null}},"23":{"start":{"line":199,"column":12},"end":{"line":199,"column":null}},"24":{"start":{"line":201,"column":20},"end":{"line":201,"column":null}},"25":{"start":{"line":202,"column":21},"end":{"line":202,"column":null}},"26":{"start":{"line":204,"column":24},"end":{"line":204,"column":null}},"27":{"start":{"line":206,"column":2},"end":{"line":209,"column":null}},"28":{"start":{"line":208,"column":4},"end":{"line":208,"column":null}},"29":{"start":{"line":211,"column":55},"end":{"line":211,"column":null}},"30":{"start":{"line":213,"column":14},"end":{"line":213,"column":null}},"31":{"start":{"line":214,"column":13},"end":{"line":214,"column":null}},"32":{"start":{"line":215,"column":23},"end":{"line":215,"column":null}},"33":{"start":{"line":216,"column":19},"end":{"line":216,"column":null}},"34":{"start":{"line":218,"column":2},"end":{"line":227,"column":null}}},"fnMap":{"0":{"name":"applyBrackets","decl":{"start":{"line":157,"column":9},"end":{"line":157,"column":23}},"loc":{"start":{"line":157,"column":101},"end":{"line":180,"column":null}},"line":157},"1":{"name":"calcAHK","decl":{"start":{"line":182,"column":9},"end":{"line":182,"column":17}},"loc":{"start":{"line":182,"column":56},"end":{"line":186,"column":null}},"line":182},"2":{"name":"calcAK","decl":{"start":{"line":188,"column":9},"end":{"line":188,"column":16}},"loc":{"start":{"line":188,"column":55},"end":{"line":195,"column":null}},"line":188},"3":{"name":"calculateNLTax","decl":{"start":{"line":197,"column":16},"end":{"line":197,"column":31}},"loc":{"start":{"line":197,"column":63},"end":{"line":228,"column":null}},"line":197}},"branchMap":{"0":{"loc":{"start":{"line":163,"column":4},"end":{"line":163,"column":null}},"type":"if","locations":[{"start":{"line":163,"column":4},"end":{"line":163,"column":null}},{"start":{},"end":{}}],"line":163},"1":{"loc":{"start":{"line":164,"column":17},"end":{"line":164,"column":null}},"type":"cond-expr","locations":[{"start":{"line":164,"column":37},"end":{"line":164,"column":49}},{"start":{"line":164,"column":49},"end":{"line":164,"column":null}}],"line":164},"2":{"loc":{"start":{"line":168,"column":8},"end":{"line":170,"column":null}},"type":"cond-expr","locations":[{"start":{"line":169,"column":12},"end":{"line":169,"column":null}},{"start":{"line":170,"column":12},"end":{"line":170,"column":null}}],"line":168},"3":{"loc":{"start":{"line":183,"column":2},"end":{"line":183,"column":null}},"type":"if","locations":[{"start":{"line":183,"column":2},"end":{"line":183,"column":null}},{"start":{},"end":{}}],"line":183},"4":{"loc":{"start":{"line":184,"column":2},"end":{"line":184,"column":null}},"type":"if","locations":[{"start":{"line":184,"column":2},"end":{"line":184,"column":null}},{"start":{},"end":{}}],"line":184},"5":{"loc":{"start":{"line":190,"column":4},"end":{"line":192,"column":null}},"type":"if","locations":[{"start":{"line":190,"column":4},"end":{"line":192,"column":null}},{"start":{},"end":{}}],"line":190},"6":{"loc":{"start":{"line":190,"column":8},"end":{"line":190,"column":51}},"type":"binary-expr","locations":[{"start":{"line":190,"column":8},"end":{"line":190,"column":32}},{"start":{"line":190,"column":32},"end":{"line":190,"column":51}}],"line":190},"7":{"loc":{"start":{"line":198,"column":19},"end":{"line":198,"column":null}},"type":"binary-expr","locations":[{"start":{"line":198,"column":19},"end":{"line":198,"column":42}},{"start":{"line":198,"column":42},"end":{"line":198,"column":null}}],"line":198},"8":{"loc":{"start":{"line":199,"column":12},"end":{"line":199,"column":null}},"type":"cond-expr","locations":[{"start":{"line":199,"column":33},"end":{"line":199,"column":50}},{"start":{"line":199,"column":50},"end":{"line":199,"column":null}}],"line":199},"9":{"loc":{"start":{"line":202,"column":21},"end":{"line":202,"column":null}},"type":"cond-expr","locations":[{"start":{"line":202,"column":37},"end":{"line":202,"column":71}},{"start":{"line":202,"column":71},"end":{"line":202,"column":null}}],"line":202},"10":{"loc":{"start":{"line":206,"column":2},"end":{"line":209,"column":null}},"type":"if","locations":[{"start":{"line":206,"column":2},"end":{"line":209,"column":null}},{"start":{},"end":{}}],"line":206},"11":{"loc":{"start":{"line":226,"column":21},"end":{"line":226,"column":null}},"type":"cond-expr","locations":[{"start":{"line":226,"column":46},"end":{"line":226,"column":78}},{"start":{"line":226,"column":78},"end":{"line":226,"column":null}}],"line":226}},"s":{"0":4,"1":66,"2":66,"3":66,"4":66,"5":164,"6":62,"7":102,"8":164,"9":164,"10":164,"11":164,"12":66,"13":66,"14":13,"15":53,"16":4,"17":49,"18":66,"19":223,"20":66,"21":0,"22":66,"23":66,"24":66,"25":66,"26":66,"27":66,"28":1,"29":66,"30":66,"31":66,"32":66,"33":66,"34":66},"f":{"0":66,"1":66,"2":66,"3":66},"b":{"0":[62,102],"1":[4,98],"2":[4,98],"3":[13,53],"4":[4,49],"5":[66,157],"6":[223,223],"7":[66,0],"8":[64,2],"9":[62,4],"10":[1,65],"11":[60,6]},"meta":{"lastBranch":12,"lastFunction":4,"lastStatement":35,"seen":{"s:39:73:155:Infinity":0,"f:157:9:157:23":0,"s:158:18:158:Infinity":1,"s:159:14:159:Infinity":2,"s:160:31:160:Infinity":3,"s:162:2:177:Infinity":4,"b:163:4:163:Infinity:undefined:undefined:undefined:undefined":0,"s:163:4:163:Infinity":5,"s:163:24:163:Infinity":6,"s:164:17:164:Infinity":7,"b:164:37:164:49:164:49:164:Infinity":1,"s:165:16:165:Infinity":8,"s:166:4:174:Infinity":9,"b:169:12:169:Infinity:170:12:170:Infinity":2,"s:175:4:175:Infinity":10,"s:176:4:176:Infinity":11,"s:179:2:179:Infinity":12,"f:182:9:182:17":1,"b:183:2:183:Infinity:undefined:undefined:undefined:undefined":3,"s:183:2:183:Infinity":13,"s:183:36:183:Infinity":14,"b:184:2:184:Infinity:undefined:undefined:undefined:undefined":4,"s:184:2:184:Infinity":15,"s:184:34:184:Infinity":16,"s:185:2:185:Infinity":17,"f:188:9:188:16":2,"s:189:2:193:Infinity":18,"b:190:4:192:Infinity:undefined:undefined:undefined:undefined":5,"s:190:4:192:Infinity":19,"b:190:8:190:32:190:32:190:51":6,"s:191:6:191:Infinity":20,"s:194:2:194:Infinity":21,"f:197:16:197:31":3,"s:198:19:198:Infinity":22,"b:198:19:198:42:198:42:198:Infinity":7,"s:199:12:199:Infinity":23,"b:199:33:199:50:199:50:199:Infinity":8,"s:201:20:201:Infinity":24,"s:202:21:202:Infinity":25,"b:202:37:202:71:202:71:202:Infinity":9,"s:204:24:204:Infinity":26,"b:206:2:209:Infinity:undefined:undefined:undefined:undefined":10,"s:206:2:209:Infinity":27,"s:208:4:208:Infinity":28,"s:211:55:211:Infinity":29,"s:213:14:213:Infinity":30,"s:214:13:214:Infinity":31,"s:215:23:215:Infinity":32,"s:216:19:216:Infinity":33,"s:218:2:227:Infinity":34,"b:226:46:226:78:226:78:226:Infinity":11}}}
}
